<?xml version="1.0" encoding="UTF-8"?>
<testsuite xmlns:xsi="http://www.w3.org/2001/XMLSchema-instance" xsi:noNamespaceSchemaLocation="https://maven.apache.org/surefire/maven-surefire-plugin/xsd/surefire-test-report-3.0.xsd" version="3.0" name="com.pradeep.MajorProjectBackend.MajorProjectBackendApplicationTests" time="4.499" tests="1" errors="0" skipped="0" failures="0">
  <properties>
[...]
</properties>
  <testcase name="contextLoads" classname="com.pradeep.MajorProjectBackend.MajorProjectBackendApplicationTests" time="0.461">
    <system-out><![CDATA[21:02:25.926 [main] INFO org.springframework.test.context.support.AnnotationConfigContextLoaderUtils -- Could not detect default configuration classes for test class [com.pradeep.MajorProjectBackend.MajorProjectBackendApplicationTests]: MajorProjectBackendApplicationTests does not declare any static, non-private, non-final, nested classes annotated with @Configuration.
21:02:26.004 [main] INFO org.springframework.boot.test.context.SpringBootTestContextBootstrapper -- Found @SpringBootConfiguration com.pradeep.MajorProjectBackend.MajorProjectBackendApplication for test class com.pradeep.MajorProjectBackend.MajorProjectBackendApplicationTests

  .   ____          _            __ _ _
 /\\ / ___'_ __ _ _(_)_ __  __ _ \ \ \ \
( ( )\___ | '_ | '_| | '_ \/ _` | \ \ \ \
 \\/  ___)| |_)| | | | | || (_| |  ) ) ) )
  '  |____| .__|_| |_|_| |_\__, | / / / /
 =========|_|==============|___/=/_/_/_/
 :: Spring Boot ::                (v3.1.3)

2023-12-14T21:02:26.286+05:30  INFO 14061 --- [           main] .p.M.MajorProjectBackendApplicationTests : Starting MajorProjectBackendApplicationTests using Java 20.0.2 with PID 14061 (started by pilli007 in /home/pilli007/Documents/MajorProject/MajorProjectBackend)
2023-12-14T21:02:26.287+05:30  INFO 14061 --- [           main] .p.M.MajorProjectBackendApplicationTests : No active profile set, falling back to 1 default profile: "default"
2023-12-14T21:02:26.841+05:30  INFO 14061 --- [           main] .s.d.r.c.RepositoryConfigurationDelegate : Bootstrapping Spring Data JPA repositories in DEFAULT mode.
2023-12-14T21:02:26.902+05:30  INFO 14061 --- [           main] .s.d.r.c.RepositoryConfigurationDelegate : Finished Spring Data repository scanning in 54 ms. Found 7 JPA repository interfaces.
2023-12-14T21:02:27.369+05:30  INFO 14061 --- [           main] com.zaxxer.hikari.HikariDataSource       : HikariPool-1 - Starting...
2023-12-14T21:02:27.513+05:30  INFO 14061 --- [           main] com.zaxxer.hikari.pool.HikariPool        : HikariPool-1 - Added connection com.mysql.cj.jdbc.ConnectionImpl@3f8dfe74
2023-12-14T21:02:27.514+05:30  INFO 14061 --- [           main] com.zaxxer.hikari.HikariDataSource       : HikariPool-1 - Start completed.
2023-12-14T21:02:27.544+05:30  INFO 14061 --- [           main] o.hibernate.jpa.internal.util.LogHelper  : HHH000204: Processing PersistenceUnitInfo [name: default]
2023-12-14T21:02:27.592+05:30  INFO 14061 --- [           main] org.hibernate.Version                    : HHH000412: Hibernate ORM core version 6.2.9.Final
2023-12-14T21:02:27.594+05:30  INFO 14061 --- [           main] org.hibernate.cfg.Environment            : HHH000406: Using bytecode reflection optimizer
2023-12-14T21:02:27.701+05:30  INFO 14061 --- [           main] o.h.b.i.BytecodeProviderInitiator        : HHH000021: Bytecode provider name : bytebuddy
2023-12-14T21:02:27.792+05:30  INFO 14061 --- [           main] o.s.o.j.p.SpringPersistenceUnitInfo      : No LoadTimeWeaver setup: ignoring JPA class transformer
2023-12-14T21:02:27.821+05:30  WARN 14061 --- [           main] org.hibernate.orm.deprecation            : HHH90000026: MySQL8Dialect has been deprecated; use org.hibernate.dialect.MySQLDialect instead
2023-12-14T21:02:27.998+05:30  INFO 14061 --- [           main] o.h.b.i.BytecodeProviderInitiator        : HHH000021: Bytecode provider name : bytebuddy
2023-12-14T21:02:28.563+05:30  INFO 14061 --- [           main] o.h.e.t.j.p.i.JtaPlatformInitiator       : HHH000490: Using JtaPlatform implementation: [org.hibernate.engine.transaction.jta.platform.internal.NoJtaPlatform]
2023-12-14T21:02:28.565+05:30  INFO 14061 --- [           main] j.LocalContainerEntityManagerFactoryBean : Initialized JPA EntityManagerFactory for persistence unit 'default'
2023-12-14T21:02:28.915+05:30  WARN 14061 --- [           main] JpaBaseConfiguration$JpaWebConfiguration : spring.jpa.open-in-view is enabled by default. Therefore, database queries may be performed during view rendering. Explicitly configure spring.jpa.open-in-view to disable this warning
2023-12-14T21:02:28.996+05:30  WARN 14061 --- [           main] .s.s.UserDetailsServiceAutoConfiguration : 

Using generated security password: 8703fca6-bcff-42d1-88e3-955d1ada258d

This generated password is for development use only. Your security configuration must be updated before running your application in production.

2023-12-14T21:02:29.137+05:30  INFO 14061 --- [           main] o.s.s.web.DefaultSecurityFilterChain     : Will secure any request with [org.springframework.security.web.session.DisableEncodeUrlFilter@224e7aa5, org.springframework.security.web.context.request.async.WebAsyncManagerIntegrationFilter@89ff043, org.springframework.security.web.context.SecurityContextHolderFilter@6447dc25, org.springframework.security.web.header.HeaderWriterFilter@235dacd7, org.springframework.security.web.authentication.logout.LogoutFilter@560c3758, com.pradeep.MajorProjectBackend.config.SecurityConfig.JwtAuthFilter@4d145177, com.pradeep.MajorProjectBackend.config.SecurityConfig.JwtAuthFilter@1f57fa23, org.springframework.security.web.savedrequest.RequestCacheAwareFilter@4a45ff31, org.springframework.security.web.servletapi.SecurityContextHolderAwareRequestFilter@5b1cedfd, org.springframework.security.web.authentication.AnonymousAuthenticationFilter@4e9d203e, org.springframework.security.web.session.SessionManagementFilter@25762f04, org.springframework.security.web.access.ExceptionTranslationFilter@22cce199, org.springframework.security.web.access.intercept.AuthorizationFilter@2351255a]
2023-12-14T21:02:29.805+05:30  INFO 14061 --- [           main] .p.M.MajorProjectBackendApplicationTests : Started MajorProjectBackendApplicationTests in 3.702 seconds (process running for 4.444)
]]></system-out>
  </testcase>
</testsuite>